<?xml version="1.0" encoding="UTF-8"?>
<testsuite name="add product to cart" tests="1" skipped="0" failures="0" errors="0" timestamp="2021-07-15T12:37:27" hostname="ANDRESGALLEGO" time="35.574">
  <properties/>
  <testcase name="add product to cart with active session" classname="add product to cart" time="35.574"/>
  <system-out><![CDATA[






























]]></system-out>
  <system-err><![CDATA[jul 15, 2021 7:37:28 AM org.openqa.selenium.remote.DesiredCapabilities chrome
INFORMACIÓN: Using `new ChromeOptions()` is preferred to `DesiredCapabilities.chrome()`
Starting ChromeDriver 91.0.4472.101 (af52a90bf87030dd1523486a1cd3ae25c5d76c9b-refs/branch-heads/4472@{#1462}) on port 6097
Only local connections are allowed.
Please see https://chromedriver.chromium.org/security-considerations for suggestions on keeping ChromeDriver safe.
ChromeDriver was started successfully.
jul 15, 2021 7:37:32 AM org.openqa.selenium.remote.ProtocolHandshake createSession
INFORMACIÓN: Detected dialect: W3C
]]></system-err>
</testsuite>
